2013-12-30 13:10:45 Error: Fatal Error (4): syntax error, unexpected '<' in [/Applications/XAMPP/xamppfiles/htdocs/2014/directory/View/Departments/index.ctp, line 53]
2013-12-30 13:10:45 Error: [FatalErrorException] syntax error, unexpected '<'
Request URL: /2014/directory/departments
Stack Trace:
#0 /Applications/XAMPP/xamppfiles/htdocs/cakephp2x/lib/Cake/Error/ErrorHandler.php(205): ErrorHandler::handleFatalError(4, 'syntax error, u...', '/Applications/X...', 53)
#1 [internal function]: ErrorHandler::handleError(4, 'syntax error, u...', '/Applications/X...', 53, Array)
#2 /Applications/XAMPP/xamppfiles/htdocs/cakephp2x/lib/Cake/Core/App.php(931): call_user_func('ErrorHandler::h...', 4, 'syntax error, u...', '/Applications/X...', 53, Array)
#3 /Applications/XAMPP/xamppfiles/htdocs/cakephp2x/lib/Cake/Core/App.php(904): App::_checkFatalError()
#4 [internal function]: App::shutdown()
#5 {main}
2013-12-30 13:10:49 Error: Fatal Error (4): syntax error, unexpected '<' in [/Applications/XAMPP/xamppfiles/htdocs/2014/directory/View/Departments/index.ctp, line 53]
2013-12-30 13:10:49 Error: [FatalErrorException] syntax error, unexpected '<'
Request URL: /2014/directory/departments
Stack Trace:
#0 /Applications/XAMPP/xamppfiles/htdocs/cakephp2x/lib/Cake/Error/ErrorHandler.php(205): ErrorHandler::handleFatalError(4, 'syntax error, u...', '/Applications/X...', 53)
#1 [internal function]: ErrorHandler::handleError(4, 'syntax error, u...', '/Applications/X...', 53, Array)
#2 /Applications/XAMPP/xamppfiles/htdocs/cakephp2x/lib/Cake/Core/App.php(931): call_user_func('ErrorHandler::h...', 4, 'syntax error, u...', '/Applications/X...', 53, Array)
#3 /Applications/XAMPP/xamppfiles/htdocs/cakephp2x/lib/Cake/Core/App.php(904): App::_checkFatalError()
#4 [internal function]: App::shutdown()
#5 {main}
2013-12-30 13:10:56 Error: Fatal Error (4): syntax error, unexpected '<' in [/Applications/XAMPP/xamppfiles/htdocs/2014/directory/View/Departments/index.ctp, line 53]
2013-12-30 13:10:56 Error: [FatalErrorException] syntax error, unexpected '<'
Request URL: /2014/directory/departments
Stack Trace:
#0 /Applications/XAMPP/xamppfiles/htdocs/cakephp2x/lib/Cake/Error/ErrorHandler.php(205): ErrorHandler::handleFatalError(4, 'syntax error, u...', '/Applications/X...', 53)
#1 [internal function]: ErrorHandler::handleError(4, 'syntax error, u...', '/Applications/X...', 53, Array)
#2 /Applications/XAMPP/xamppfiles/htdocs/cakephp2x/lib/Cake/Core/App.php(931): call_user_func('ErrorHandler::h...', 4, 'syntax error, u...', '/Applications/X...', 53, Array)
#3 /Applications/XAMPP/xamppfiles/htdocs/cakephp2x/lib/Cake/Core/App.php(904): App::_checkFatalError()
#4 [internal function]: App::shutdown()
#5 {main}
2013-12-30 13:10:59 Error: Fatal Error (4): syntax error, unexpected '<' in [/Applications/XAMPP/xamppfiles/htdocs/2014/directory/View/Departments/index.ctp, line 53]
2013-12-30 13:10:59 Error: [FatalErrorException] syntax error, unexpected '<'
Request URL: /2014/directory/departments
Stack Trace:
#0 /Applications/XAMPP/xamppfiles/htdocs/cakephp2x/lib/Cake/Error/ErrorHandler.php(205): ErrorHandler::handleFatalError(4, 'syntax error, u...', '/Applications/X...', 53)
#1 [internal function]: ErrorHandler::handleError(4, 'syntax error, u...', '/Applications/X...', 53, Array)
#2 /Applications/XAMPP/xamppfiles/htdocs/cakephp2x/lib/Cake/Core/App.php(931): call_user_func('ErrorHandler::h...', 4, 'syntax error, u...', '/Applications/X...', 53, Array)
#3 /Applications/XAMPP/xamppfiles/htdocs/cakephp2x/lib/Cake/Core/App.php(904): App::_checkFatalError()
#4 [internal function]: App::shutdown()
#5 {main}
